W: https://dl.winehq.org/wine-builds/ubuntu/dists/jammy/InRelease: Key is stored in legacy trusted.gpg keyring (/etc/apt/trusted.gpg), see the DEPRECATION section in apt-key(8) for details.
Installing package into ‘/usr/local/lib/R/site-library’
(as ‘lib’ is unspecified)
trying URL 'https://cloud.r-project.org/src/contrib/BiocManager_1.30.27.tar.gz'
Content type 'application/x-gzip' length 752490 bytes (734 KB)
==================================================
downloaded 734 KB

* installing *source* package ‘BiocManager’ ...
** this is package ‘BiocManager’ version ‘1.30.27’
** package ‘BiocManager’ successfully unpacked and MD5 sums checked
** using staged installation
** R
** inst
** byte-compile and prepare package for lazy loading
** help
*** installing help indices
*** copying figures
** building package indices
** installing vignettes
** testing if installed package can be loaded from temporary location
** testing if installed package can be loaded from final location
** testing if installed package keeps a record of temporary installation path
* DONE (BiocManager)

The downloaded source packages are in
	‘/tmp/RtmpSZXvm5/downloaded_packages’
trying URL 'https://cloud.r-project.org/src/contrib/class_7.3-23.tar.gz'
trying URL 'https://cloud.r-project.org/src/contrib/codetools_0.2-20.tar.gz'
trying URL 'https://cloud.r-project.org/src/contrib/KernSmooth_2.23-26.tar.gz'
trying URL 'https://cloud.r-project.org/src/contrib/MASS_7.3-65.tar.gz'
trying URL 'https://cloud.r-project.org/src/contrib/nlme_3.1-168.tar.gz'
trying URL 'https://cloud.r-project.org/src/contrib/nnet_7.3-20.tar.gz'
trying URL 'https://cloud.r-project.org/src/contrib/rpart_4.1.24.tar.gz'
trying URL 'https://cloud.r-project.org/src/contrib/spatial_7.3-18.tar.gz'

The downloaded source packages are in
	‘/tmp/RtmpSZXvm5/downloaded_packages’
Updating HTML index of packages in '.Library'
Making 'packages.html' ... done
Installing (CRAN): tidyverse
Installing package into ‘/usr/local/lib/R/site-library’
(as ‘lib’ is unspecified)
also installing the dependencies ‘sys’, ‘bit’, ‘cachem’, ‘farver’, ‘labeling’, ‘RColorBrewer’, ‘viridisLite’, ‘rappdirs’, ‘rematch’, ‘askpass’, ‘base64enc’, ‘bit64’, ‘prettyunits’, ‘lazyeval’, ‘assertthat’, ‘fastmap’, ‘sass’, ‘pkgbuild’, ‘rprojroot’, ‘diffobj’, ‘backports’, ‘generics’, ‘lifecycle’, ‘memoise’, ‘blob’, ‘DBI’, ‘R6’, ‘tidyselect’, ‘vctrs’, ‘withr’, ‘data.table’, ‘gtable’, ‘isoband’, ‘S7’, ‘scales’, ‘gargle’, ‘uuid’, ‘cellranger’, ‘curl’, ‘ids’, ‘rematch2’, ‘cpp11’, ‘pkgconfig’, ‘mime’, ‘openssl’, ‘timechange’, ‘utf8’, ‘systemfonts’, ‘textshaping’, ‘clipr’, ‘crayon’, ‘vroom’, ‘tzdb’, ‘progress’, ‘callr’, ‘fs’, ‘selectr’, ‘stringi’, ‘digest’, ‘rex’, ‘yaml’, ‘arrow’, ‘evaluate’, ‘highr’, ‘xfun’, ‘bslib’, ‘fontawesome’, ‘htmltools’, ‘jquerylib’, ‘tinytex’, ‘brio’, ‘desc’, ‘pkgload’, ‘praise’, ‘processx’, ‘ps’, ‘waldo’, ‘broom’, ‘conflicted’, ‘cli’, ‘dbplyr’, ‘dplyr’, ‘dtplyr’, ‘forcats’, ‘ggplot2’, ‘googledrive’, ‘googlesheets4’, ‘haven’, ‘hms’, ‘httr’, ‘jsonlite’, ‘lubridate’, ‘magrittr’, ‘modelr’, ‘pillar’, ‘purrr’, ‘ragg’, ‘readr’, ‘readxl’, ‘reprex’, ‘rlang’, ‘rstudioapi’, ‘rvest’, ‘stringr’, ‘tibble’, ‘tidyr’, ‘xml2’, ‘covr’, ‘feather’, ‘glue’, ‘mockr’, ‘knitr’, ‘rmarkdown’, ‘testthat’

trying URL 'https://cloud.r-project.org/src/contrib/sys_3.4.3.tar.gz'
trying URL 'https://cloud.r-project.org/src/contrib/bit_4.6.0.tar.gz'
trying URL 'https://cloud.r-project.org/src/contrib/cachem_1.1.0.tar.gz'
trying URL 'https://cloud.r-project.org/src/contrib/farver_2.1.2.tar.gz'
trying URL 'https://cloud.r-project.org/src/contrib/labeling_0.4.3.tar.gz'
trying URL 'https://cloud.r-project.org/src/contrib/RColorBrewer_1.1-3.tar.gz'
trying URL 'https://cloud.r-project.org/src/contrib/viridisLite_0.4.3.tar.gz'
trying URL 'https://cloud.r-project.org/src/contrib/rappdirs_0.3.4.tar.gz'
trying URL 'https://cloud.r-project.org/src/contrib/rematch_2.0.0.tar.gz'
trying URL 'https://cloud.r-project.org/src/contrib/askpass_1.2.1.tar.gz'
trying URL 'https://cloud.r-project.org/src/contrib/base64enc_0.1-6.tar.gz'
trying URL 'https://cloud.r-project.org/src/contrib/bit64_4.6.0-1.tar.gz'
trying URL 'https://cloud.r-project.org/src/contrib/prettyunits_1.2.0.tar.gz'
trying URL 'https://cloud.r-project.org/src/contrib/lazyeval_0.2.2.tar.gz'
trying URL 'https://cloud.r-project.org/src/contrib/assertthat_0.2.1.tar.gz'
trying URL 'https://cloud.r-project.org/src/contrib/fastmap_1.2.0.tar.gz'
trying URL 'https://cloud.r-project.org/src/contrib/sass_0.4.10.tar.gz'
trying URL 'https://cloud.r-project.org/src/contrib/pkgbuild_1.4.8.tar.gz'
trying URL 'https://cloud.r-project.org/src/contrib/rprojroot_2.1.1.tar.gz'
trying URL 'https://cloud.r-project.org/src/contrib/diffobj_0.3.6.tar.gz'
trying URL 'https://cloud.r-project.org/src/contrib/backports_1.5.0.tar.gz'
trying URL 'https://cloud.r-project.org/src/contrib/generics_0.1.4.tar.gz'
trying URL 'https://cloud.r-project.org/src/contrib/lifecycle_1.0.5.tar.gz'
trying URL 'https://cloud.r-project.org/src/contrib/memoise_2.0.1.tar.gz'
trying URL 'https://cloud.r-project.org/src/contrib/blob_1.3.0.tar.gz'
trying URL 'https://cloud.r-project.org/src/contrib/DBI_1.3.0.tar.gz'
trying URL 'https://cloud.r-project.org/src/contrib/R6_2.6.1.tar.gz'
trying URL 'https://cloud.r-project.org/src/contrib/tidyselect_1.2.1.tar.gz'
trying URL 'https://cloud.r-project.org/src/contrib/vctrs_0.7.1.tar.gz'
trying URL 'https://cloud.r-project.org/src/contrib/withr_3.0.2.tar.gz'
trying URL 'https://cloud.r-project.org/src/contrib/data.table_1.18.2.1.tar.gz'
trying URL 'https://cloud.r-project.org/src/contrib/gtable_0.3.6.tar.gz'
trying URL 'https://cloud.r-project.org/src/contrib/isoband_0.3.0.tar.gz'
trying URL 'https://cloud.r-project.org/src/contrib/S7_0.2.1.tar.gz'
trying URL 'https://cloud.r-project.org/src/contrib/scales_1.4.0.tar.gz'
trying URL 'https://cloud.r-project.org/src/contrib/gargle_1.6.1.tar.gz'
trying URL 'https://cloud.r-project.org/src/contrib/uuid_1.2-2.tar.gz'
trying URL 'https://cloud.r-project.org/src/contrib/cellranger_1.1.0.tar.gz'
trying URL 'https://cloud.r-project.org/src/contrib/curl_7.0.0.tar.gz'
trying URL 'https://cloud.r-project.org/src/contrib/ids_1.0.1.tar.gz'
trying URL 'https://cloud.r-project.org/src/contrib/rematch2_2.1.2.tar.gz'
trying URL 'https://cloud.r-project.org/src/contrib/cpp11_0.5.3.tar.gz'
trying URL 'https://cloud.r-project.org/src/contrib/pkgconfig_2.0.3.tar.gz'
trying URL 'https://cloud.r-project.org/src/contrib/mime_0.13.tar.gz'
trying URL 'https://cloud.r-project.org/src/contrib/openssl_2.3.5.tar.gz'
trying URL 'https://cloud.r-project.org/src/contrib/timechange_0.4.0.tar.gz'
trying URL 'https://cloud.r-project.org/src/contrib/utf8_1.2.6.tar.gz'
trying URL 'https://cloud.r-project.org/src/contrib/systemfonts_1.3.2.tar.gz'
trying URL 'https://cloud.r-project.org/src/contrib/textshaping_1.0.5.tar.gz'
trying URL 'https://cloud.r-project.org/src/contrib/clipr_0.8.0.tar.gz'
trying URL 'https://cloud.r-project.org/src/contrib/crayon_1.5.3.tar.gz'
trying URL 'https://cloud.r-project.org/src/contrib/vroom_1.7.0.tar.gz'
trying URL 'https://cloud.r-project.org/src/contrib/tzdb_0.5.0.tar.gz'
trying URL 'https://cloud.r-project.org/src/contrib/progress_1.2.3.tar.gz'
trying URL 'https://cloud.r-project.org/src/contrib/callr_3.7.6.tar.gz'
trying URL 'https://cloud.r-project.org/src/contrib/fs_1.6.7.tar.gz'
trying URL 'https://cloud.r-project.org/src/contrib/selectr_0.5-1.tar.gz'
trying URL 'https://cloud.r-project.org/src/contrib/stringi_1.8.7.tar.gz'
trying URL 'https://cloud.r-project.org/src/contrib/digest_0.6.39.tar.gz'
trying URL 'https://cloud.r-project.org/src/contrib/rex_1.2.1.tar.gz'
trying URL 'https://cloud.r-project.org/src/contrib/yaml_2.3.12.tar.gz'
trying URL 'https://cloud.r-project.org/src/contrib/arrow_23.0.1.1.tar.gz'
trying URL 'https://cloud.r-project.org/src/contrib/evaluate_1.0.5.tar.gz'
trying URL 'https://cloud.r-project.org/src/contrib/highr_0.12.tar.gz'
trying URL 'https://cloud.r-project.org/src/contrib/xfun_0.56.tar.gz'
trying URL 'https://cloud.r-project.org/src/contrib/bslib_0.10.0.tar.gz'
trying URL 'https://cloud.r-project.org/src/contrib/fontawesome_0.5.3.tar.gz'
trying URL 'https://cloud.r-project.org/src/contrib/htmltools_0.5.9.tar.gz'
trying URL 'https://cloud.r-project.org/src/contrib/jquerylib_0.1.4.tar.gz'
trying URL 'https://cloud.r-project.org/src/contrib/tinytex_0.58.tar.gz'
trying URL 'https://cloud.r-project.org/src/contrib/brio_1.1.5.tar.gz'
trying URL 'https://cloud.r-project.org/src/contrib/desc_1.4.3.tar.gz'
trying URL 'https://cloud.r-project.org/src/contrib/pkgload_1.5.0.tar.gz'
trying URL 'https://cloud.r-project.org/src/contrib/praise_1.0.0.tar.gz'
trying URL 'https://cloud.r-project.org/src/contrib/processx_3.8.6.tar.gz'
trying URL 'https://cloud.r-project.org/src/contrib/ps_1.9.1.tar.gz'
trying URL 'https://cloud.r-project.org/src/contrib/waldo_0.6.2.tar.gz'
trying URL 'https://cloud.r-project.org/src/contrib/broom_1.0.12.tar.gz'
trying URL 'https://cloud.r-project.org/src/contrib/conflicted_1.2.0.tar.gz'
trying URL 'https://cloud.r-project.org/src/contrib/cli_3.6.5.tar.gz'
trying URL 'https://cloud.r-project.org/src/contrib/dbplyr_2.5.2.tar.gz'
trying URL 'https://cloud.r-project.org/src/contrib/dplyr_1.2.0.tar.gz'
trying URL 'https://cloud.r-project.org/src/contrib/dtplyr_1.3.3.tar.gz'
trying URL 'https://cloud.r-project.org/src/contrib/forcats_1.0.1.tar.gz'
trying URL 'https://cloud.r-project.org/src/contrib/ggplot2_4.0.2.tar.gz'
trying URL 'https://cloud.r-project.org/src/contrib/googledrive_2.1.2.tar.gz'
trying URL 'https://cloud.r-project.org/src/contrib/googlesheets4_1.1.2.tar.gz'
trying URL 'https://cloud.r-project.org/src/contrib/haven_2.5.5.tar.gz'
trying URL 'https://cloud.r-project.org/src/contrib/hms_1.1.4.tar.gz'
trying URL 'https://cloud.r-project.org/src/contrib/httr_1.4.8.tar.gz'
trying URL 'https://cloud.r-project.org/src/contrib/jsonlite_2.0.0.tar.gz'
trying URL 'https://cloud.r-project.org/src/contrib/lubridate_1.9.5.tar.gz'
trying URL 'https://cloud.r-project.org/src/contrib/magrittr_2.0.4.tar.gz'
trying URL 'https://cloud.r-project.org/src/contrib/modelr_0.1.11.tar.gz'
trying URL 'https://cloud.r-project.org/src/contrib/pillar_1.11.1.tar.gz'
trying URL 'https://cloud.r-project.org/src/contrib/purrr_1.2.1.tar.gz'
trying URL 'https://cloud.r-project.org/src/contrib/ragg_1.5.1.tar.gz'
trying URL 'https://cloud.r-project.org/src/contrib/readr_2.2.0.tar.gz'
trying URL 'https://cloud.r-project.org/src/contrib/readxl_1.4.5.tar.gz'
trying URL 'https://cloud.r-project.org/src/contrib/reprex_2.1.1.tar.gz'
trying URL 'https://cloud.r-project.org/src/contrib/rlang_1.1.7.tar.gz'
trying URL 'https://cloud.r-project.org/src/contrib/rstudioapi_0.18.0.tar.gz'
trying URL 'https://cloud.r-project.org/src/contrib/rvest_1.0.5.tar.gz'
trying URL 'https://cloud.r-project.org/src/contrib/stringr_1.6.0.tar.gz'
trying URL 'https://cloud.r-project.org/src/contrib/tibble_3.3.1.tar.gz'
trying URL 'https://cloud.r-project.org/src/contrib/tidyr_1.3.2.tar.gz'
trying URL 'https://cloud.r-project.org/src/contrib/xml2_1.5.2.tar.gz'
trying URL 'https://cloud.r-project.org/src/contrib/covr_3.6.5.tar.gz'
trying URL 'https://cloud.r-project.org/src/contrib/feather_0.4.0.tar.gz'
trying URL 'https://cloud.r-project.org/src/contrib/glue_1.8.0.tar.gz'
trying URL 'https://cloud.r-project.org/src/contrib/mockr_0.2.2.tar.gz'
trying URL 'https://cloud.r-project.org/src/contrib/knitr_1.51.tar.gz'
trying URL 'https://cloud.r-project.org/src/contrib/rmarkdown_2.30.tar.gz'
trying URL 'https://cloud.r-project.org/src/contrib/testthat_3.3.2.tar.gz'
trying URL 'https://cloud.r-project.org/src/contrib/tidyverse_2.0.0.tar.gz'

The downloaded source packages are in
	‘/tmp/RtmpSZXvm5/downloaded_packages’
Already installed: ggplot2
Already installed: dplyr
Installing (CRAN): ggrepel
Installing package into ‘/usr/local/lib/R/site-library’
(as ‘lib’ is unspecified)
also installing the dependencies ‘credentials’, ‘zip’, ‘gitcreds’, ‘ini’, ‘httpuv’, ‘later’, ‘otel’, ‘promises’, ‘sourcetools’, ‘xtable’, ‘fansi’, ‘proxy’, ‘gert’, ‘gh’, ‘whisker’, ‘shiny’, ‘downlit’, ‘httr2’, ‘htmlwidgets’, ‘xopen’, ‘brew’, ‘commonmark’, ‘e1071’, ‘wk’, ‘xts’, ‘zoo’, ‘polynom’, ‘usethis’, ‘ellipsis’, ‘miniUI’, ‘pak’, ‘pkgdown’, ‘profvis’, ‘rcmdcheck’, ‘roxygen2’, ‘rversions’, ‘sessioninfo’, ‘urlchecker’, ‘beeswarm’, ‘vipor’, ‘jpeg’, ‘png’, ‘classInt’, ‘s2’, ‘units’, ‘Rcpp’, ‘svglite’, ‘vdiffr’, ‘gridExtra’, ‘ggpp’, ‘patchwork’, ‘devtools’, ‘prettydoc’, ‘ggbeeswarm’, ‘marquee’, ‘rsvg’, ‘sf’

trying URL 'https://cloud.r-project.org/src/contrib/credentials_2.0.3.tar.gz'
trying URL 'https://cloud.r-project.org/src/contrib/zip_2.3.3.tar.gz'
trying URL 'https://cloud.r-project.org/src/contrib/gitcreds_0.1.2.tar.gz'
trying URL 'https://cloud.r-project.org/src/contrib/ini_0.3.1.tar.gz'
trying URL 'https://cloud.r-project.org/src/contrib/httpuv_1.6.16.tar.gz'
trying URL 'https://cloud.r-project.org/src/contrib/later_1.4.8.tar.gz'
trying URL 'https://cloud.r-project.org/src/contrib/otel_0.2.0.tar.gz'
trying URL 'https://cloud.r-project.org/src/contrib/promises_1.5.0.tar.gz'
trying URL 'https://cloud.r-project.org/src/contrib/sourcetools_0.1.7-1.tar.gz'
trying URL 'https://cloud.r-project.org/src/contrib/xtable_1.8-8.tar.gz'
trying URL 'https://cloud.r-project.org/src/contrib/fansi_1.0.7.tar.gz'
trying URL 'https://cloud.r-project.org/src/contrib/proxy_0.4-29.tar.gz'
trying URL 'https://cloud.r-project.org/src/contrib/gert_2.3.1.tar.gz'
trying URL 'https://cloud.r-project.org/src/contrib/gh_1.5.0.tar.gz'
trying URL 'https://cloud.r-project.org/src/contrib/whisker_0.4.1.tar.gz'
trying URL 'https://cloud.r-project.org/src/contrib/shiny_1.13.0.tar.gz'
trying URL 'https://cloud.r-project.org/src/contrib/downlit_0.4.5.tar.gz'
trying URL 'https://cloud.r-project.org/src/contrib/httr2_1.2.2.tar.gz'
trying URL 'https://cloud.r-project.org/src/contrib/htmlwidgets_1.6.4.tar.gz'
trying URL 'https://cloud.r-project.org/src/contrib/xopen_1.0.1.tar.gz'
trying URL 'https://cloud.r-project.org/src/contrib/brew_1.0-10.tar.gz'
trying URL 'https://cloud.r-project.org/src/contrib/commonmark_2.0.0.tar.gz'
trying URL 'https://cloud.r-project.org/src/contrib/e1071_1.7-17.tar.gz'
trying URL 'https://cloud.r-project.org/src/contrib/wk_0.9.5.tar.gz'
trying URL 'https://cloud.r-project.org/src/contrib/xts_0.14.2.tar.gz'
trying URL 'https://cloud.r-project.org/src/contrib/zoo_1.8-15.tar.gz'
trying URL 'https://cloud.r-project.org/src/contrib/polynom_1.4-1.tar.gz'
trying URL 'https://cloud.r-project.org/src/contrib/usethis_3.2.1.tar.gz'
trying URL 'https://cloud.r-project.org/src/contrib/ellipsis_0.3.2.tar.gz'
trying URL 'https://cloud.r-project.org/src/contrib/miniUI_0.1.2.tar.gz'
trying URL 'https://cloud.r-project.org/src/contrib/pak_0.9.2.tar.gz'
trying URL 'https://cloud.r-project.org/src/contrib/pkgdown_2.2.0.tar.gz'
trying URL 'https://cloud.r-project.org/src/contrib/profvis_0.4.0.tar.gz'
trying URL 'https://cloud.r-project.org/src/contrib/rcmdcheck_1.4.0.tar.gz'
trying URL 'https://cloud.r-project.org/src/contrib/roxygen2_7.3.3.tar.gz'
trying URL 'https://cloud.r-project.org/src/contrib/rversions_3.0.0.tar.gz'
trying URL 'https://cloud.r-project.org/src/contrib/sessioninfo_1.2.3.tar.gz'
trying URL 'https://cloud.r-project.org/src/contrib/urlchecker_1.0.1.tar.gz'
trying URL 'https://cloud.r-project.org/src/contrib/beeswarm_0.4.0.tar.gz'
trying URL 'https://cloud.r-project.org/src/contrib/vipor_0.4.7.tar.gz'
trying URL 'https://cloud.r-project.org/src/contrib/jpeg_0.1-11.tar.gz'
trying URL 'https://cloud.r-project.org/src/contrib/png_0.1-9.tar.gz'
trying URL 'https://cloud.r-project.org/src/contrib/classInt_0.4-11.tar.gz'
trying URL 'https://cloud.r-project.org/src/contrib/s2_1.1.9.tar.gz'
trying URL 'https://cloud.r-project.org/src/contrib/units_1.0-1.tar.gz'
trying URL 'https://cloud.r-project.org/src/contrib/Rcpp_1.1.1.tar.gz'
trying URL 'https://cloud.r-project.org/src/contrib/svglite_2.2.2.tar.gz'
trying URL 'https://cloud.r-project.org/src/contrib/vdiffr_1.0.9.tar.gz'
trying URL 'https://cloud.r-project.org/src/contrib/gridExtra_2.3.tar.gz'
trying URL 'https://cloud.r-project.org/src/contrib/ggpp_0.6.0.tar.gz'
trying URL 'https://cloud.r-project.org/src/contrib/patchwork_1.3.2.tar.gz'
trying URL 'https://cloud.r-project.org/src/contrib/devtools_2.5.0.tar.gz'
trying URL 'https://cloud.r-project.org/src/contrib/prettydoc_0.4.1.tar.gz'
trying URL 'https://cloud.r-project.org/src/contrib/ggbeeswarm_0.7.3.tar.gz'
trying URL 'https://cloud.r-project.org/src/contrib/marquee_1.2.1.tar.gz'
trying URL 'https://cloud.r-project.org/src/contrib/rsvg_2.7.0.tar.gz'
trying URL 'https://cloud.r-project.org/src/contrib/sf_1.1-0.tar.gz'
trying URL 'https://cloud.r-project.org/src/contrib/ggrepel_0.9.8.tar.gz'
make: *** [Makefile:177: rsvg.ts] Error 1
make: *** [Makefile:282: sf.ts] Error 1
make: Target 'all' not remade because of errors.

The downloaded source packages are in
	‘/tmp/RtmpSZXvm5/downloaded_packages’
Installing (CRAN): ggalt
Installing package into ‘/usr/local/lib/R/site-library’
(as ‘lib’ is unspecified)
Already installed: devtools
Installing (CRAN): argparse
Installing package into ‘/usr/local/lib/R/site-library’
(as ‘lib’ is unspecified)
also installing the dependency ‘findpython’

trying URL 'https://cloud.r-project.org/src/contrib/findpython_1.0.9.tar.gz'
trying URL 'https://cloud.r-project.org/src/contrib/argparse_2.3.1.tar.gz'

The downloaded source packages are in
	‘/tmp/RtmpSZXvm5/downloaded_packages’
Installing (CRAN): fastcluster
Installing package into ‘/usr/local/lib/R/site-library’
(as ‘lib’ is unspecified)
trying URL 'https://cloud.r-project.org/src/contrib/fastcluster_1.3.0.tar.gz'
Content type 'application/x-gzip' length 203457 bytes (198 KB)
==================================================
downloaded 198 KB

* installing *source* package ‘fastcluster’ ...
** this is package ‘fastcluster’ version ‘1.3.0’
** package ‘fastcluster’ successfully unpacked and MD5 sums checked
** using staged installation
** libs
using C++ compiler: ‘g++ (Ubuntu 11.4.0-1ubuntu1~22.04.3) 11.4.0’
In file included from fastcluster_R.cpp:24:
fastcluster.cpp:53:35: note: ‘#pragma message: Use fenv header.’
   53 | #pragma message("Use fenv header.")
      |                                   ^
installing to /usr/local/lib/R/site-library/00LOCK-fastcluster/00new/fastcluster/libs
** R
** inst
** byte-compile and prepare package for lazy loading
** help
*** installing help indices
** building package indices
** installing vignettes
** testing if installed package can be loaded from temporary location
** checking absolute paths in shared objects and dynamic libraries
** testing if installed package can be loaded from final location
** testing if installed package keeps a record of temporary installation path
* DONE (fastcluster)

The downloaded source packages are in
	‘/tmp/RtmpSZXvm5/downloaded_packages’
Installing (CRAN): ape
Installing package into ‘/usr/local/lib/R/site-library’
(as ‘lib’ is unspecified)
also installing the dependencies ‘fastmatch’, ‘quadprog’, ‘gee’, ‘expm’, ‘igraph’, ‘phangorn’

trying URL 'https://cloud.r-project.org/src/contrib/fastmatch_1.1-8.tar.gz'
trying URL 'https://cloud.r-project.org/src/contrib/quadprog_1.5-8.tar.gz'
trying URL 'https://cloud.r-project.org/src/contrib/gee_4.13-29.tar.gz'
trying URL 'https://cloud.r-project.org/src/contrib/expm_1.0-0.tar.gz'
trying URL 'https://cloud.r-project.org/src/contrib/igraph_2.2.2.tar.gz'
trying URL 'https://cloud.r-project.org/src/contrib/phangorn_2.12.1.tar.gz'
trying URL 'https://cloud.r-project.org/src/contrib/ape_5.8-1.tar.gz'

The downloaded source packages are in
	‘/tmp/RtmpSZXvm5/downloaded_packages’
Installing (CRAN): phytools
Installing package into ‘/usr/local/lib/R/site-library’
(as ‘lib’ is unspecified)
also installing the dependencies ‘iterators’, ‘magick’, ‘mvtnorm’, ‘subplex’, ‘deSolve’, ‘ncbit’, ‘colorspace’, ‘maps’, ‘clusterGeneration’, ‘coda’, ‘combinat’, ‘DEoptim’, ‘doParallel’, ‘foreach’, ‘mnormt’, ‘numDeriv’, ‘optimParallel’, ‘scatterplot3d’, ‘animation’, ‘geiger’, ‘plotrix’, ‘rgl’

trying URL 'https://cloud.r-project.org/src/contrib/iterators_1.0.14.tar.gz'
trying URL 'https://cloud.r-project.org/src/contrib/magick_2.9.1.tar.gz'
trying URL 'https://cloud.r-project.org/src/contrib/mvtnorm_1.3-6.tar.gz'
trying URL 'https://cloud.r-project.org/src/contrib/subplex_1.9.tar.gz'
trying URL 'https://cloud.r-project.org/src/contrib/deSolve_1.41.tar.gz'
trying URL 'https://cloud.r-project.org/src/contrib/ncbit_2013.03.29.1.tar.gz'
trying URL 'https://cloud.r-project.org/src/contrib/colorspace_2.1-2.tar.gz'
trying URL 'https://cloud.r-project.org/src/contrib/maps_3.4.3.tar.gz'
trying URL 'https://cloud.r-project.org/src/contrib/clusterGeneration_1.3.8.tar.gz'
trying URL 'https://cloud.r-project.org/src/contrib/coda_0.19-4.1.tar.gz'
trying URL 'https://cloud.r-project.org/src/contrib/combinat_0.0-8.tar.gz'
trying URL 'https://cloud.r-project.org/src/contrib/DEoptim_2.2-8.tar.gz'
trying URL 'https://cloud.r-project.org/src/contrib/doParallel_1.0.17.tar.gz'
trying URL 'https://cloud.r-project.org/src/contrib/foreach_1.5.2.tar.gz'
trying URL 'https://cloud.r-project.org/src/contrib/mnormt_2.1.2.tar.gz'
trying URL 'https://cloud.r-project.org/src/contrib/numDeriv_2016.8-1.1.tar.gz'
trying URL 'https://cloud.r-project.org/src/contrib/optimParallel_1.0-2.tar.gz'
trying URL 'https://cloud.r-project.org/src/contrib/scatterplot3d_0.3-45.tar.gz'
trying URL 'https://cloud.r-project.org/src/contrib/animation_2.8.tar.gz'
trying URL 'https://cloud.r-project.org/src/contrib/geiger_2.0.11.tar.gz'
trying URL 'https://cloud.r-project.org/src/contrib/plotrix_3.8-14.tar.gz'
trying URL 'https://cloud.r-project.org/src/contrib/rgl_1.3.36.tar.gz'
trying URL 'https://cloud.r-project.org/src/contrib/phytools_2.5-2.tar.gz'
make: *** [Makefile:13: magick.ts] Error 1
make: Target 'all' not remade because of errors.

The downloaded source packages are in
	‘/tmp/RtmpSZXvm5/downloaded_packages’
Installing (CRAN): gplots
Installing package into ‘/usr/local/lib/R/site-library’
(as ‘lib’ is unspecified)
also installing the dependencies ‘permute’, ‘crosstalk’, ‘plyr’, ‘ca’, ‘gclus’, ‘qap’, ‘registry’, ‘TSP’, ‘vegan’, ‘bitops’, ‘sp’, ‘viridis’, ‘plotly’, ‘reshape2’, ‘seriation’, ‘webshot’, ‘egg’, ‘gtools’, ‘caTools’, ‘r2d2’, ‘dendextend’, ‘heatmaply’

trying URL 'https://cloud.r-project.org/src/contrib/permute_0.9-10.tar.gz'
trying URL 'https://cloud.r-project.org/src/contrib/crosstalk_1.2.2.tar.gz'
trying URL 'https://cloud.r-project.org/src/contrib/plyr_1.8.9.tar.gz'
trying URL 'https://cloud.r-project.org/src/contrib/ca_0.71.1.tar.gz'
trying URL 'https://cloud.r-project.org/src/contrib/gclus_1.3.3.tar.gz'
trying URL 'https://cloud.r-project.org/src/contrib/qap_0.1-2.tar.gz'
trying URL 'https://cloud.r-project.org/src/contrib/registry_0.5-1.tar.gz'
trying URL 'https://cloud.r-project.org/src/contrib/TSP_1.2.6.tar.gz'
trying URL 'https://cloud.r-project.org/src/contrib/vegan_2.7-3.tar.gz'
trying URL 'https://cloud.r-project.org/src/contrib/bitops_1.0-9.tar.gz'
trying URL 'https://cloud.r-project.org/src/contrib/sp_2.2-1.tar.gz'
trying URL 'https://cloud.r-project.org/src/contrib/viridis_0.6.5.tar.gz'
trying URL 'https://cloud.r-project.org/src/contrib/plotly_4.12.0.tar.gz'
trying URL 'https://cloud.r-project.org/src/contrib/reshape2_1.4.5.tar.gz'
trying URL 'https://cloud.r-project.org/src/contrib/seriation_1.5.8.tar.gz'
trying URL 'https://cloud.r-project.org/src/contrib/webshot_0.5.5.tar.gz'
trying URL 'https://cloud.r-project.org/src/contrib/egg_0.4.5.tar.gz'
trying URL 'https://cloud.r-project.org/src/contrib/gtools_3.9.5.tar.gz'
trying URL 'https://cloud.r-project.org/src/contrib/caTools_1.18.3.tar.gz'
trying URL 'https://cloud.r-project.org/src/contrib/r2d2_1.0.2.tar.gz'
trying URL 'https://cloud.r-project.org/src/contrib/dendextend_1.19.1.tar.gz'
trying URL 'https://cloud.r-project.org/src/contrib/heatmaply_1.6.0.tar.gz'
trying URL 'https://cloud.r-project.org/src/contrib/gplots_3.3.0.tar.gz'

The downloaded source packages are in
	‘/tmp/RtmpSZXvm5/downloaded_packages’
Installing (CRAN): proj4
Installing package into ‘/usr/local/lib/R/site-library’
(as ‘lib’ is unspecified)
trying URL 'https://cloud.r-project.org/src/contrib/proj4_1.0-15.tar.gz'
Content type 'application/x-gzip' length 43463 bytes (42 KB)
==================================================
downloaded 42 KB

* installing *source* package ‘proj4’ ...
** this is package ‘proj4’ version ‘1.0-15’
** package ‘proj4’ successfully unpacked and MD5 sums checked
** using staged installation
** libs
using C compiler: ‘gcc (Ubuntu 11.4.0-1ubuntu1~22.04.3) 11.4.0’
installing to /usr/local/lib/R/site-library/00LOCK-proj4/00new/proj4/libs
** R
** byte-compile and prepare package for lazy loading
** help
*** installing help indices
** building package indices
** testing if installed package can be loaded from temporary location
** checking absolute paths in shared objects and dynamic libraries
** testing if installed package can be loaded from final location
** testing if installed package keeps a record of temporary installation path
* DONE (proj4)

The downloaded source packages are in
	‘/tmp/RtmpSZXvm5/downloaded_packages’
Already installed: ragg
Warning messages:
1: In install.packages(p, dependencies = TRUE) :
  installation of 2 packages failed:  ‘rsvg’, ‘sf’
2: package ‘ggalt’ is not available for this version of R

A version of this package for your version of R might be available elsewhere,
see the ideas at
https://cran.r-project.org/doc/manuals/r-patched/R-admin.html#Installing-packages 
3: In install.packages(p, dependencies = TRUE) :
  installation of 2 packages failed:  ‘magick’, ‘animation’
Installing (Bioconductor): edgeR
'getOption("repos")' replaces Bioconductor standard repositories, see
'help("repositories", package = "BiocManager")' for details.
Replacement repositories:
    CRAN: https://cloud.r-project.org
Bioconductor version 3.22 (BiocManager 1.30.27), R 4.5.3 (2026-03-11)
Installing package(s) 'BiocVersion', 'edgeR'
also installing the dependencies ‘statmod’, ‘limma’, ‘locfit’

trying URL 'https://cloud.r-project.org/src/contrib/statmod_1.5.1.tar.gz'
trying URL 'https://bioconductor.org/packages/3.22/bioc/src/contrib/limma_3.66.0.tar.gz'
trying URL 'https://cloud.r-project.org/src/contrib/locfit_1.5-9.12.tar.gz'
trying URL 'https://bioconductor.org/packages/3.22/bioc/src/contrib/BiocVersion_3.22.0.tar.gz'
trying URL 'https://bioconductor.org/packages/3.22/bioc/src/contrib/edgeR_4.8.2.tar.gz'
