trying URL 'http://cran.us.r-project.org/src/contrib/BiocManager_1.30.21.1.tar.gz'
Content type 'application/x-gzip' length 582638 bytes (568 KB)
==================================================
downloaded 568 KB

* installing *source* package ‘BiocManager’ ...
** package ‘BiocManager’ successfully unpacked and MD5 sums checked
** using staged installation
** R
** inst
** byte-compile and prepare package for lazy loading
** help
*** installing help indices
** building package indices
** installing vignettes
** testing if installed package can be loaded from temporary location
** testing if installed package can be loaded from final location
** testing if installed package keeps a record of temporary installation path
* DONE (BiocManager)

The downloaded source packages are in
	‘/tmp/RtmpkRE74e/downloaded_packages’
Updating HTML index of packages in '.Library'
Making 'packages.html' ... done
trying URL 'http://cran.us.r-project.org/src/contrib/cpp11_0.4.5.tar.gz'
Content type 'application/x-gzip' length 304606 bytes (297 KB)
==================================================
downloaded 297 KB

trying URL 'http://cran.us.r-project.org/src/contrib/fs_1.6.3.tar.gz'
Content type 'application/x-gzip' length 1185603 bytes (1.1 MB)
==================================================
downloaded 1.1 MB

trying URL 'http://cran.us.r-project.org/src/contrib/gargle_1.5.2.tar.gz'
Content type 'application/x-gzip' length 627560 bytes (612 KB)
==================================================
downloaded 612 KB

trying URL 'http://cran.us.r-project.org/src/contrib/igraph_1.5.0.1.tar.gz'
Content type 'application/x-gzip' length 3314208 bytes (3.2 MB)
==================================================
downloaded 3.2 MB

trying URL 'http://cran.us.r-project.org/src/contrib/remotes_2.4.2.1.tar.gz'
Content type 'application/x-gzip' length 152560 bytes (148 KB)
==================================================
downloaded 148 KB

trying URL 'http://cran.us.r-project.org/src/contrib/spatial_7.3-17.tar.gz'
Content type 'application/x-gzip' length 44661 bytes (43 KB)
==================================================
downloaded 43 KB

* installing *source* package ‘cpp11’ ...
** package ‘cpp11’ successfully unpacked and MD5 sums checked
** using staged installation
** R
** inst
** byte-compile and prepare package for lazy loading
** help
*** installing help indices
** building package indices
** installing vignettes
** testing if installed package can be loaded from temporary location
** testing if installed package can be loaded from final location
** testing if installed package keeps a record of temporary installation path
* DONE (cpp11)
* installing *source* package ‘fs’ ...
** package ‘fs’ successfully unpacked and MD5 sums checked
** using staged installation
** libs
using C++ compiler: ‘g++ (Ubuntu 11.3.0-1ubuntu1~22.04.1) 11.3.0’
installing to /usr/local/lib/R/library/00LOCK-fs/00new/fs/libs
** R
** inst
** byte-compile and prepare package for lazy loading
** help
*** installing help indices
** building package indices
** installing vignettes
** testing if installed package can be loaded from temporary location
** checking absolute paths in shared objects and dynamic libraries
** testing if installed package can be loaded from final location
** testing if installed package keeps a record of temporary installation path
* DONE (fs)
* installing *source* package ‘remotes’ ...
** package ‘remotes’ successfully unpacked and MD5 sums checked
** using staged installation
** R
** inst
** byte-compile and prepare package for lazy loading
** help
*** installing help indices
** building package indices
** installing vignettes
** testing if installed package can be loaded from temporary location
** testing if installed package can be loaded from final location
** testing if installed package keeps a record of temporary installation path
* DONE (remotes)
* installing *source* package ‘spatial’ ...
** package ‘spatial’ successfully unpacked and MD5 sums checked
** using staged installation
** libs
using C compiler: ‘gcc (Ubuntu 11.3.0-1ubuntu1~22.04.1) 11.3.0’
installing to /usr/local/lib/R/library/00LOCK-spatial/00new/spatial/libs
** R
** inst
** byte-compile and prepare package for lazy loading
** help
*** installing help indices
** building package indices
** testing if installed package can be loaded from temporary location
** checking absolute paths in shared objects and dynamic libraries
** testing if installed package can be loaded from final location
** testing if installed package keeps a record of temporary installation path
* DONE (spatial)
* installing *source* package ‘gargle’ ...
** package ‘gargle’ successfully unpacked and MD5 sums checked
** using staged installation
** R
** inst
** byte-compile and prepare package for lazy loading
** help
*** installing help indices
*** copying figures
** building package indices
** installing vignettes
** testing if installed package can be loaded from temporary location
** testing if installed package can be loaded from final location
** testing if installed package keeps a record of temporary installation path
* DONE (gargle)
* installing *source* package ‘igraph’ ...
** package ‘igraph’ successfully unpacked and MD5 sums checked
** using staged installation
** libs
using C compiler: ‘gcc (Ubuntu 11.3.0-1ubuntu1~22.04.1) 11.3.0’
using C++ compiler: ‘g++ (Ubuntu 11.3.0-1ubuntu1~22.04.1) 11.3.0’
installing to /usr/local/lib/R/library/00LOCK-igraph/00new/igraph/libs
** R
** demo
** inst
** byte-compile and prepare package for lazy loading
** help
*** installing help indices
** building package indices
** installing vignettes
** testing if installed package can be loaded from temporary location
** checking absolute paths in shared objects and dynamic libraries
** testing if installed package can be loaded from final location
** testing if installed package keeps a record of temporary installation path
* DONE (igraph)

The downloaded source packages are in
	‘/tmp/Rtmpi9zAMb/downloaded_packages’
Updating HTML index of packages in '.Library'
Making 'packages.html' ... done
trying URL 'http://cran.us.r-project.org/src/contrib/ggalt_0.4.0.tar.gz'
Content type 'application/x-gzip' length 2155519 bytes (2.1 MB)
==================================================
downloaded 2.1 MB

* installing *source* package ‘ggalt’ ...
** package ‘ggalt’ successfully unpacked and MD5 sums checked
** using staged installation
** R
** inst
** byte-compile and prepare package for lazy loading
** help
*** installing help indices
*** copying figures
** building package indices
** installing vignettes
** testing if installed package can be loaded from temporary location
** testing if installed package can be loaded from final location
** testing if installed package keeps a record of temporary installation path
* DONE (ggalt)

The downloaded source packages are in
	‘/tmp/RtmpEPzbZ1/downloaded_packages’
Updating HTML index of packages in '.Library'
Making 'packages.html' ... done
trying URL 'http://cran.us.r-project.org/src/contrib/proj4_1.0-12.tar.gz'
Content type 'application/x-gzip' length 42887 bytes (41 KB)
==================================================
downloaded 41 KB

* installing *source* package ‘proj4’ ...
** package ‘proj4’ successfully unpacked and MD5 sums checked
** using staged installation
** libs
using C compiler: ‘gcc (Ubuntu 11.3.0-1ubuntu1~22.04.1) 11.3.0’
installing to /usr/local/lib/R/library/00LOCK-proj4/00new/proj4/libs
** R
** byte-compile and prepare package for lazy loading
** help
*** installing help indices
** building package indices
** testing if installed package can be loaded from temporary location
** checking absolute paths in shared objects and dynamic libraries
** testing if installed package can be loaded from final location
** testing if installed package keeps a record of temporary installation path
* DONE (proj4)

The downloaded source packages are in
	‘/tmp/RtmpH8nqh7/downloaded_packages’
Updating HTML index of packages in '.Library'
Making 'packages.html' ... done
Bioconductor version 3.17 (BiocManager 1.30.21.1), R 4.3.1 (2023-06-16)
Warning message:
package(s) not installed when version(s) same as or greater than current; use
  `force = TRUE` to re-install: 'edgeR' 
Bioconductor version 3.17 (BiocManager 1.30.21.1), R 4.3.1 (2023-06-16)
Installing package(s) 'goseq'
also installing the dependencies ‘abind’, ‘S4Arrays’, ‘DelayedArray’, ‘SummarizedExperiment’, ‘GenomicRanges’, ‘XVector’, ‘GenomeInfoDb’, ‘Biostrings’, ‘Rsamtools’, ‘GenomicAlignments’, ‘BiocIO’, ‘restfulr’, ‘biomaRt’, ‘rtracklayer’, ‘GenomicFeatures’, ‘Biobase’, ‘IRanges’, ‘S4Vectors’, ‘KEGGREST’, ‘geneLenDataBase’, ‘AnnotationDbi’, ‘GO.db’, ‘BiocGenerics’

trying URL 'https://cloud.r-project.org/src/contrib/abind_1.4-5.tar.gz'
Content type 'application/x-gzip' length 21810 bytes (21 KB)
==================================================
downloaded 21 KB

trying URL 'https://bioconductor.org/packages/3.17/bioc/src/contrib/S4Arrays_1.0.5.tar.gz'
Content type 'application/x-gzip' length 279242 bytes (272 KB)
==================================================
downloaded 272 KB

trying URL 'https://bioconductor.org/packages/3.17/bioc/src/contrib/DelayedArray_0.26.6.tar.gz'
Content type 'application/x-gzip' length 628356 bytes (613 KB)
==================================================
downloaded 613 KB

trying URL 'https://bioconductor.org/packages/3.17/bioc/src/contrib/SummarizedExperiment_1.30.2.tar.gz'
Content type 'application/x-gzip' length 684561 bytes (668 KB)
==================================================
downloaded 668 KB

trying URL 'https://bioconductor.org/packages/3.17/bioc/src/contrib/GenomicRanges_1.52.0.tar.gz'
Content type 'application/x-gzip' length 1139139 bytes (1.1 MB)
==================================================
downloaded 1.1 MB

trying URL 'https://bioconductor.org/packages/3.17/bioc/src/contrib/XVector_0.40.0.tar.gz'
Content type 'application/x-gzip' length 67818 bytes (66 KB)
==================================================
downloaded 66 KB

trying URL 'https://bioconductor.org/packages/3.17/bioc/src/contrib/GenomeInfoDb_1.36.1.tar.gz'
Content type 'application/x-gzip' length 3578274 bytes (3.4 MB)
==================================================
downloaded 3.4 MB

trying URL 'https://bioconductor.org/packages/3.17/bioc/src/contrib/Biostrings_2.68.1.tar.gz'
Content type 'application/x-gzip' length 12446699 bytes (11.9 MB)
==================================================
downloaded 11.9 MB

trying URL 'https://bioconductor.org/packages/3.17/bioc/src/contrib/Rsamtools_2.16.0.tar.gz'
Content type 'application/x-gzip' length 2918582 bytes (2.8 MB)
==================================================
downloaded 2.8 MB

trying URL 'https://bioconductor.org/packages/3.17/bioc/src/contrib/GenomicAlignments_1.36.0.tar.gz'
Content type 'application/x-gzip' length 2264672 bytes (2.2 MB)
==================================================
downloaded 2.2 MB

trying URL 'https://bioconductor.org/packages/3.17/bioc/src/contrib/BiocIO_1.10.0.tar.gz'
Content type 'application/x-gzip' length 231333 bytes (225 KB)
==================================================
downloaded 225 KB

trying URL 'https://cloud.r-project.org/src/contrib/restfulr_0.0.15.tar.gz'
Content type 'application/x-gzip' length 15033 bytes (14 KB)
==================================================
downloaded 14 KB

trying URL 'https://bioconductor.org/packages/3.17/bioc/src/contrib/biomaRt_2.56.1.tar.gz'
Content type 'application/x-gzip' length 669187 bytes (653 KB)
==================================================
downloaded 653 KB

trying URL 'https://bioconductor.org/packages/3.17/bioc/src/contrib/rtracklayer_1.60.0.tar.gz'
Content type 'application/x-gzip' length 4018828 bytes (3.8 MB)
==================================================
downloaded 3.8 MB

trying URL 'https://bioconductor.org/packages/3.17/bioc/src/contrib/GenomicFeatures_1.52.1.tar.gz'
Content type 'application/x-gzip' length 1179202 bytes (1.1 MB)
==================================================
downloaded 1.1 MB

trying URL 'https://bioconductor.org/packages/3.17/bioc/src/contrib/Biobase_2.60.0.tar.gz'
Content type 'application/x-gzip' length 1795905 bytes (1.7 MB)
==================================================
downloaded 1.7 MB

trying URL 'https://bioconductor.org/packages/3.17/bioc/src/contrib/IRanges_2.34.1.tar.gz'
Content type 'application/x-gzip' length 480919 bytes (469 KB)
==================================================
downloaded 469 KB

trying URL 'https://bioconductor.org/packages/3.17/bioc/src/contrib/S4Vectors_0.38.1.tar.gz'
Content type 'application/x-gzip' length 838821 bytes (819 KB)
==================================================
downloaded 819 KB

trying URL 'https://bioconductor.org/packages/3.17/bioc/src/contrib/KEGGREST_1.40.0.tar.gz'
Content type 'application/x-gzip' length 21823 bytes (21 KB)
==================================================
downloaded 21 KB

trying URL 'https://bioconductor.org/packages/3.17/data/experiment/src/contrib/geneLenDataBase_1.36.0.tar.gz'
Content type 'application/x-gzip' length 100436679 bytes (95.8 MB)
==================================================
downloaded 95.8 MB

trying URL 'https://bioconductor.org/packages/3.17/bioc/src/contrib/AnnotationDbi_1.62.2.tar.gz'
Content type 'application/x-gzip' length 4359178 bytes (4.2 MB)
==================================================
downloaded 4.2 MB

trying URL 'https://bioconductor.org/packages/3.17/data/annotation/src/contrib/GO.db_3.17.0.tar.gz'
Content type 'application/x-gzip' length 29245567 bytes (27.9 MB)
==================================================
downloaded 27.9 MB

trying URL 'https://bioconductor.org/packages/3.17/bioc/src/contrib/BiocGenerics_0.46.0.tar.gz'
Content type 'application/x-gzip' length 48250 bytes (47 KB)
==================================================
downloaded 47 KB

trying URL 'https://bioconductor.org/packages/3.17/bioc/src/contrib/goseq_1.52.0.tar.gz'
Content type 'application/x-gzip' length 1776227 bytes (1.7 MB)
==================================================
downloaded 1.7 MB

* installing *source* package ‘abind’ ...
** package ‘abind’ successfully unpacked and MD5 sums checked
** using staged installation
** R
** inst
** byte-compile and prepare package for lazy loading
** help
*** installing help indices
** building package indices
** testing if installed package can be loaded from temporary location
** testing if installed package can be loaded from final location
** testing if installed package keeps a record of temporary installation path
* DONE (abind)
ERROR: failed to lock directory ‘/usr/local/lib/R/library’ for modifying
Try removing ‘/usr/local/lib/R/library/00LOCK-BiocGenerics’
ERROR: dependency ‘BiocGenerics’ is not available for package ‘Biobase’
* removing ‘/usr/local/lib/R/library/Biobase’
ERROR: dependency ‘BiocGenerics’ is not available for package ‘S4Vectors’
* removing ‘/usr/local/lib/R/library/S4Vectors’
ERROR: dependencies ‘BiocGenerics’, ‘S4Vectors’ are not available for package ‘BiocIO’
* removing ‘/usr/local/lib/R/library/BiocIO’
ERROR: dependency ‘S4Vectors’ is not available for package ‘restfulr’
* removing ‘/usr/local/lib/R/library/restfulr’
ERROR: dependencies ‘BiocGenerics’, ‘S4Vectors’ are not available for package ‘IRanges’
* removing ‘/usr/local/lib/R/library/IRanges’
ERROR: dependencies ‘BiocGenerics’, ‘S4Vectors’, ‘IRanges’ are not available for package ‘S4Arrays’
* removing ‘/usr/local/lib/R/library/S4Arrays’
ERROR: dependencies ‘BiocGenerics’, ‘S4Vectors’, ‘IRanges’ are not available for package ‘XVector’
* removing ‘/usr/local/lib/R/library/XVector’
ERROR: dependencies ‘BiocGenerics’, ‘S4Vectors’, ‘IRanges’ are not available for package ‘GenomeInfoDb’
* removing ‘/usr/local/lib/R/library/GenomeInfoDb’
ERROR: dependencies ‘BiocGenerics’, ‘S4Vectors’, ‘IRanges’, ‘S4Arrays’ are not available for package ‘DelayedArray’
* removing ‘/usr/local/lib/R/library/DelayedArray’
ERROR: dependencies ‘BiocGenerics’, ‘S4Vectors’, ‘IRanges’, ‘GenomeInfoDb’, ‘XVector’ are not available for package ‘GenomicRanges’
* removing ‘/usr/local/lib/R/library/GenomicRanges’
ERROR: dependencies ‘BiocGenerics’, ‘S4Vectors’, ‘IRanges’, ‘XVector’, ‘GenomeInfoDb’ are not available for package ‘Biostrings’
* removing ‘/usr/local/lib/R/library/Biostrings’
ERROR: dependencies ‘GenomicRanges’, ‘Biobase’, ‘BiocGenerics’, ‘S4Vectors’, ‘IRanges’, ‘GenomeInfoDb’, ‘S4Arrays’, ‘DelayedArray’ are not available for package ‘SummarizedExperiment’
* removing ‘/usr/local/lib/R/library/SummarizedExperiment’
ERROR: dependencies ‘GenomeInfoDb’, ‘GenomicRanges’, ‘Biostrings’, ‘BiocGenerics’, ‘S4Vectors’, ‘IRanges’, ‘XVector’ are not available for package ‘Rsamtools’
* removing ‘/usr/local/lib/R/library/Rsamtools’
ERROR: dependency ‘Biostrings’ is not available for package ‘KEGGREST’
* removing ‘/usr/local/lib/R/library/KEGGREST’
ERROR: dependencies ‘BiocGenerics’, ‘S4Vectors’, ‘IRanges’, ‘GenomeInfoDb’, ‘GenomicRanges’, ‘SummarizedExperiment’, ‘Biostrings’, ‘Rsamtools’ are not available for package ‘GenomicAlignments’
* removing ‘/usr/local/lib/R/library/GenomicAlignments’
ERROR: dependencies ‘BiocGenerics’, ‘Biobase’, ‘IRanges’, ‘S4Vectors’, ‘KEGGREST’ are not available for package ‘AnnotationDbi’
* removing ‘/usr/local/lib/R/library/AnnotationDbi’
ERROR: dependency ‘AnnotationDbi’ is not available for package ‘biomaRt’
* removing ‘/usr/local/lib/R/library/biomaRt’
ERROR: dependencies ‘GenomicRanges’, ‘BiocGenerics’, ‘S4Vectors’, ‘IRanges’, ‘XVector’, ‘GenomeInfoDb’, ‘Biostrings’, ‘Rsamtools’, ‘GenomicAlignments’, ‘BiocIO’, ‘restfulr’ are not available for package ‘rtracklayer’
* removing ‘/usr/local/lib/R/library/rtracklayer’
ERROR: dependency ‘AnnotationDbi’ is not available for package ‘GO.db’
* removing ‘/usr/local/lib/R/library/GO.db’
ERROR: dependencies ‘BiocGenerics’, ‘S4Vectors’, ‘IRanges’, ‘GenomeInfoDb’, ‘GenomicRanges’, ‘AnnotationDbi’, ‘XVector’, ‘Biostrings’, ‘BiocIO’, ‘rtracklayer’, ‘biomaRt’, ‘Biobase’ are not available for package ‘GenomicFeatures’
* removing ‘/usr/local/lib/R/library/GenomicFeatures’
ERROR: dependencies ‘rtracklayer’, ‘GenomicFeatures’ are not available for package ‘geneLenDataBase’
* removing ‘/usr/local/lib/R/library/geneLenDataBase’
ERROR: dependencies ‘geneLenDataBase’, ‘AnnotationDbi’, ‘GO.db’, ‘BiocGenerics’ are not available for package ‘goseq’
* removing ‘/usr/local/lib/R/library/goseq’

The downloaded source packages are in
	‘/tmp/RtmpCE77oa/downloaded_packages’
Updating HTML index of packages in '.Library'
Making 'packages.html' ... done
There were 23 warnings (use warnings() to see them)
Bioconductor version 3.17 (BiocManager 1.30.21.1), R 4.3.1 (2023-06-16)
Warning message:
package(s) not installed when version(s) same as or greater than current; use
  `force = TRUE` to re-install: 'limma' 
Bioconductor version 3.17 (BiocManager 1.30.21.1), R 4.3.1 (2023-06-16)
Installing package(s) 'Glimma'
also installing the dependencies ‘XVector’, ‘IRanges’, ‘GenomicRanges’, ‘BiocGenerics’, ‘Biobase’, ‘GenomeInfoDb’, ‘S4Arrays’, ‘DelayedArray’, ‘DESeq2’, ‘SummarizedExperiment’, ‘S4Vectors’

trying URL 'https://bioconductor.org/packages/3.17/bioc/src/contrib/XVector_0.40.0.tar.gz'
Content type 'application/x-gzip' length 67818 bytes (66 KB)
==================================================
downloaded 66 KB

trying URL 'https://bioconductor.org/packages/3.17/bioc/src/contrib/IRanges_2.34.1.tar.gz'
Content type 'application/x-gzip' length 480919 bytes (469 KB)
==================================================
downloaded 469 KB

trying URL 'https://bioconductor.org/packages/3.17/bioc/src/contrib/GenomicRanges_1.52.0.tar.gz'
Content type 'application/x-gzip' length 1139139 bytes (1.1 MB)
==================================================
downloaded 1.1 MB

trying URL 'https://bioconductor.org/packages/3.17/bioc/src/contrib/BiocGenerics_0.46.0.tar.gz'
Content type 'application/x-gzip' length 48250 bytes (47 KB)
==================================================
downloaded 47 KB

trying URL 'https://bioconductor.org/packages/3.17/bioc/src/contrib/Biobase_2.60.0.tar.gz'
Content type 'application/x-gzip' length 1795905 bytes (1.7 MB)
==================================================
downloaded 1.7 MB

trying URL 'https://bioconductor.org/packages/3.17/bioc/src/contrib/GenomeInfoDb_1.36.1.tar.gz'
Content type 'application/x-gzip' length 3578274 bytes (3.4 MB)
==================================================
downloaded 3.4 MB

trying URL 'https://bioconductor.org/packages/3.17/bioc/src/contrib/S4Arrays_1.0.5.tar.gz'
Content type 'application/x-gzip' length 279242 bytes (272 KB)
==================================================
downloaded 272 KB

trying URL 'https://bioconductor.org/packages/3.17/bioc/src/contrib/DelayedArray_0.26.6.tar.gz'
Content type 'application/x-gzip' length 628356 bytes (613 KB)
==================================================
downloaded 613 KB

trying URL 'https://bioconductor.org/packages/3.17/bioc/src/contrib/DESeq2_1.40.2.tar.gz'
Content type 'application/x-gzip' length 2133292 bytes (2.0 MB)
==================================================
downloaded 2.0 MB

trying URL 'https://bioconductor.org/packages/3.17/bioc/src/contrib/SummarizedExperiment_1.30.2.tar.gz'
Content type 'application/x-gzip' length 684561 bytes (668 KB)
==================================================
downloaded 668 KB

trying URL 'https://bioconductor.org/packages/3.17/bioc/src/contrib/S4Vectors_0.38.1.tar.gz'
Content type 'application/x-gzip' length 838821 bytes (819 KB)
==================================================
downloaded 819 KB

trying URL 'https://bioconductor.org/packages/3.17/bioc/src/contrib/Glimma_2.10.0.tar.gz'
Content type 'application/x-gzip' length 11686389 bytes (11.1 MB)
==================================================
downloaded 11.1 MB

ERROR: failed to lock directory ‘/usr/local/lib/R/library’ for modifying
Try removing ‘/usr/local/lib/R/library/00LOCK-BiocGenerics’
ERROR: dependency ‘BiocGenerics’ is not available for package ‘Biobase’
* removing ‘/usr/local/lib/R/library/Biobase’
ERROR: dependency ‘BiocGenerics’ is not available for package ‘S4Vectors’
* removing ‘/usr/local/lib/R/library/S4Vectors’
ERROR: dependencies ‘BiocGenerics’, ‘S4Vectors’ are not available for package ‘IRanges’
* removing ‘/usr/local/lib/R/library/IRanges’
ERROR: dependencies ‘BiocGenerics’, ‘S4Vectors’, ‘IRanges’ are not available for package ‘XVector’
* removing ‘/usr/local/lib/R/library/XVector’
ERROR: dependencies ‘BiocGenerics’, ‘S4Vectors’, ‘IRanges’ are not available for package ‘GenomeInfoDb’
* removing ‘/usr/local/lib/R/library/GenomeInfoDb’
ERROR: dependencies ‘BiocGenerics’, ‘S4Vectors’, ‘IRanges’ are not available for package ‘S4Arrays’
* removing ‘/usr/local/lib/R/library/S4Arrays’
ERROR: dependencies ‘BiocGenerics’, ‘S4Vectors’, ‘IRanges’, ‘GenomeInfoDb’, ‘XVector’ are not available for package ‘GenomicRanges’
* removing ‘/usr/local/lib/R/library/GenomicRanges’
ERROR: dependencies ‘BiocGenerics’, ‘S4Vectors’, ‘IRanges’, ‘S4Arrays’ are not available for package ‘DelayedArray’
* removing ‘/usr/local/lib/R/library/DelayedArray’
ERROR: dependencies ‘GenomicRanges’, ‘Biobase’, ‘BiocGenerics’, ‘S4Vectors’, ‘IRanges’, ‘GenomeInfoDb’, ‘S4Arrays’, ‘DelayedArray’ are not available for package ‘SummarizedExperiment’
* removing ‘/usr/local/lib/R/library/SummarizedExperiment’
ERROR: dependencies ‘S4Vectors’, ‘IRanges’, ‘GenomicRanges’, ‘SummarizedExperiment’, ‘BiocGenerics’, ‘Biobase’ are not available for package ‘DESeq2’
* removing ‘/usr/local/lib/R/library/DESeq2’
ERROR: dependencies ‘DESeq2’, ‘SummarizedExperiment’, ‘S4Vectors’ are not available for package ‘Glimma’
* removing ‘/usr/local/lib/R/library/Glimma’

The downloaded source packages are in
	‘/tmp/Rtmp0pyKwE/downloaded_packages’
Updating HTML index of packages in '.Library'
Making 'packages.html' ... done
There were 12 warnings (use warnings() to see them)
Bioconductor version 3.17 (BiocManager 1.30.21.1), R 4.3.1 (2023-06-16)
Warning message:
package(s) not installed when version(s) same as or greater than current; use
  `force = TRUE` to re-install: 'RCurl' 
Bioconductor version 3.17 (BiocManager 1.30.21.1), R 4.3.1 (2023-06-16)
Installing package(s) 'annotate'
also installing the dependencies ‘XVector’, ‘GenomeInfoDb’, ‘Biostrings’, ‘IRanges’, ‘S4Vectors’, ‘KEGGREST’, ‘AnnotationDbi’, ‘Biobase’, ‘BiocGenerics’

trying URL 'https://bioconductor.org/packages/3.17/bioc/src/contrib/XVector_0.40.0.tar.gz'
Content type 'application/x-gzip' length 67818 bytes (66 KB)
==================================================
downloaded 66 KB

trying URL 'https://bioconductor.org/packages/3.17/bioc/src/contrib/GenomeInfoDb_1.36.1.tar.gz'
Content type 'application/x-gzip' length 3578274 bytes (3.4 MB)
==================================================
downloaded 3.4 MB

trying URL 'https://bioconductor.org/packages/3.17/bioc/src/contrib/Biostrings_2.68.1.tar.gz'
Content type 'application/x-gzip' length 12446699 bytes (11.9 MB)
==================================================
downloaded 11.9 MB

trying URL 'https://bioconductor.org/packages/3.17/bioc/src/contrib/IRanges_2.34.1.tar.gz'
Content type 'application/x-gzip' length 480919 bytes (469 KB)
==================================================
downloaded 469 KB

trying URL 'https://bioconductor.org/packages/3.17/bioc/src/contrib/S4Vectors_0.38.1.tar.gz'
Content type 'application/x-gzip' length 838821 bytes (819 KB)
==================================================
downloaded 819 KB

trying URL 'https://bioconductor.org/packages/3.17/bioc/src/contrib/KEGGREST_1.40.0.tar.gz'
Content type 'application/x-gzip' length 21823 bytes (21 KB)
==================================================
downloaded 21 KB

trying URL 'https://bioconductor.org/packages/3.17/bioc/src/contrib/AnnotationDbi_1.62.2.tar.gz'
Content type 'application/x-gzip' length 4359178 bytes (4.2 MB)
==================================================
downloaded 4.2 MB

trying URL 'https://bioconductor.org/packages/3.17/bioc/src/contrib/Biobase_2.60.0.tar.gz'
Content type 'application/x-gzip' length 1795905 bytes (1.7 MB)
==================================================
downloaded 1.7 MB

trying URL 'https://bioconductor.org/packages/3.17/bioc/src/contrib/BiocGenerics_0.46.0.tar.gz'
Content type 'application/x-gzip' length 48250 bytes (47 KB)
==================================================
downloaded 47 KB

trying URL 'https://bioconductor.org/packages/3.17/bioc/src/contrib/annotate_1.78.0.tar.gz'
Content type 'application/x-gzip' length 1496796 bytes (1.4 MB)
==================================================
downloaded 1.4 MB

ERROR: failed to lock directory ‘/usr/local/lib/R/library’ for modifying
Try removing ‘/usr/local/lib/R/library/00LOCK-BiocGenerics’
ERROR: dependency ‘BiocGenerics’ is not available for package ‘S4Vectors’
* removing ‘/usr/local/lib/R/library/S4Vectors’
ERROR: dependency ‘BiocGenerics’ is not available for package ‘Biobase’
* removing ‘/usr/local/lib/R/library/Biobase’
ERROR: dependencies ‘BiocGenerics’, ‘S4Vectors’ are not available for package ‘IRanges’
* removing ‘/usr/local/lib/R/library/IRanges’
ERROR: dependencies ‘BiocGenerics’, ‘S4Vectors’, ‘IRanges’ are not available for package ‘XVector’
* removing ‘/usr/local/lib/R/library/XVector’
ERROR: dependencies ‘BiocGenerics’, ‘S4Vectors’, ‘IRanges’ are not available for package ‘GenomeInfoDb’
* removing ‘/usr/local/lib/R/library/GenomeInfoDb’
ERROR: dependencies ‘BiocGenerics’, ‘S4Vectors’, ‘IRanges’, ‘XVector’, ‘GenomeInfoDb’ are not available for package ‘Biostrings’
* removing ‘/usr/local/lib/R/library/Biostrings’
ERROR: dependency ‘Biostrings’ is not available for package ‘KEGGREST’
* removing ‘/usr/local/lib/R/library/KEGGREST’
ERROR: dependencies ‘BiocGenerics’, ‘Biobase’, ‘IRanges’, ‘S4Vectors’, ‘KEGGREST’ are not available for package ‘AnnotationDbi’
* removing ‘/usr/local/lib/R/library/AnnotationDbi’
ERROR: dependencies ‘AnnotationDbi’, ‘Biobase’, ‘BiocGenerics’ are not available for package ‘annotate’
* removing ‘/usr/local/lib/R/library/annotate’

The downloaded source packages are in
	‘/tmp/Rtmp7RD9On/downloaded_packages’
Updating HTML index of packages in '.Library'
Making 'packages.html' ... done
Warning messages:
1: In install.packages(...) :
  installation of package ‘BiocGenerics’ had non-zero exit status
2: In install.packages(...) :
  installation of package ‘S4Vectors’ had non-zero exit status
3: In install.packages(...) :
  installation of package ‘Biobase’ had non-zero exit status
4: In install.packages(...) :
  installation of package ‘IRanges’ had non-zero exit status
5: In install.packages(...) :
  installation of package ‘XVector’ had non-zero exit status
6: In install.packages(...) :
  installation of package ‘GenomeInfoDb’ had non-zero exit status
7: In install.packages(...) :
  installation of package ‘Biostrings’ had non-zero exit status
8: In install.packages(...) :
  installation of package ‘KEGGREST’ had non-zero exit status
9: In install.packages(...) :
  installation of package ‘AnnotationDbi’ had non-zero exit status
10: In install.packages(...) :
  installation of package ‘annotate’ had non-zero exit status
Bioconductor version 3.17 (BiocManager 1.30.21.1), R 4.3.1 (2023-06-16)
Installing package(s) 'GenomicRanges'
also installing the dependencies ‘BiocGenerics’, ‘S4Vectors’, ‘IRanges’, ‘GenomeInfoDb’, ‘XVector’

trying URL 'https://bioconductor.org/packages/3.17/bioc/src/contrib/BiocGenerics_0.46.0.tar.gz'
Content type 'application/x-gzip' length 48250 bytes (47 KB)
==================================================
downloaded 47 KB

trying URL 'https://bioconductor.org/packages/3.17/bioc/src/contrib/S4Vectors_0.38.1.tar.gz'
Content type 'application/x-gzip' length 838821 bytes (819 KB)
==================================================
downloaded 819 KB

trying URL 'https://bioconductor.org/packages/3.17/bioc/src/contrib/IRanges_2.34.1.tar.gz'
Content type 'application/x-gzip' length 480919 bytes (469 KB)
==================================================
downloaded 469 KB

trying URL 'https://bioconductor.org/packages/3.17/bioc/src/contrib/GenomeInfoDb_1.36.1.tar.gz'
Content type 'application/x-gzip' length 3578274 bytes (3.4 MB)
==================================================
downloaded 3.4 MB

trying URL 'https://bioconductor.org/packages/3.17/bioc/src/contrib/XVector_0.40.0.tar.gz'
Content type 'application/x-gzip' length 67818 bytes (66 KB)
==================================================
downloaded 66 KB

trying URL 'https://bioconductor.org/packages/3.17/bioc/src/contrib/GenomicRanges_1.52.0.tar.gz'
Content type 'application/x-gzip' length 1139139 bytes (1.1 MB)
==================================================
downloaded 1.1 MB

ERROR: failed to lock directory ‘/usr/local/lib/R/library’ for modifying
Try removing ‘/usr/local/lib/R/library/00LOCK-BiocGenerics’
ERROR: dependency ‘BiocGenerics’ is not available for package ‘S4Vectors’
* removing ‘/usr/local/lib/R/library/S4Vectors’
ERROR: dependencies ‘BiocGenerics’, ‘S4Vectors’ are not available for package ‘IRanges’
* removing ‘/usr/local/lib/R/library/IRanges’
ERROR: dependencies ‘BiocGenerics’, ‘S4Vectors’, ‘IRanges’ are not available for package ‘GenomeInfoDb’
* removing ‘/usr/local/lib/R/library/GenomeInfoDb’
ERROR: dependencies ‘BiocGenerics’, ‘S4Vectors’, ‘IRanges’ are not available for package ‘XVector’
* removing ‘/usr/local/lib/R/library/XVector’
ERROR: dependencies ‘BiocGenerics’, ‘S4Vectors’, ‘IRanges’, ‘GenomeInfoDb’, ‘XVector’ are not available for package ‘GenomicRanges’
* removing ‘/usr/local/lib/R/library/GenomicRanges’

The downloaded source packages are in
	‘/tmp/RtmpoyM7qh/downloaded_packages’
Updating HTML index of packages in '.Library'
Making 'packages.html' ... done
Warning messages:
1: In install.packages(...) :
  installation of package ‘BiocGenerics’ had non-zero exit status
2: In install.packages(...) :
  installation of package ‘S4Vectors’ had non-zero exit status
3: In install.packages(...) :
  installation of package ‘IRanges’ had non-zero exit status
4: In install.packages(...) :
  installation of package ‘GenomeInfoDb’ had non-zero exit status
5: In install.packages(...) :
  installation of package ‘XVector’ had non-zero exit status
6: In install.packages(...) :
  installation of package ‘GenomicRanges’ had non-zero exit status
Bioconductor version 3.17 (BiocManager 1.30.21.1), R 4.3.1 (2023-06-16)
Installing package(s) 'SummarizedExperiment'
also installing the dependencies ‘XVector’, ‘GenomicRanges’, ‘Biobase’, ‘BiocGenerics’, ‘S4Vectors’, ‘IRanges’, ‘GenomeInfoDb’, ‘S4Arrays’, ‘DelayedArray’

trying URL 'https://bioconductor.org/packages/3.17/bioc/src/contrib/XVector_0.40.0.tar.gz'
Content type 'application/x-gzip' length 67818 bytes (66 KB)
==================================================
downloaded 66 KB

trying URL 'https://bioconductor.org/packages/3.17/bioc/src/contrib/GenomicRanges_1.52.0.tar.gz'
Content type 'application/x-gzip' length 1139139 bytes (1.1 MB)
==================================================
downloaded 1.1 MB

trying URL 'https://bioconductor.org/packages/3.17/bioc/src/contrib/Biobase_2.60.0.tar.gz'
Content type 'application/x-gzip' length 1795905 bytes (1.7 MB)
==================================================
downloaded 1.7 MB

trying URL 'https://bioconductor.org/packages/3.17/bioc/src/contrib/BiocGenerics_0.46.0.tar.gz'
Content type 'application/x-gzip' length 48250 bytes (47 KB)
==================================================
downloaded 47 KB

trying URL 'https://bioconductor.org/packages/3.17/bioc/src/contrib/S4Vectors_0.38.1.tar.gz'
Content type 'application/x-gzip' length 838821 bytes (819 KB)
==================================================
downloaded 819 KB

trying URL 'https://bioconductor.org/packages/3.17/bioc/src/contrib/IRanges_2.34.1.tar.gz'
Content type 'application/x-gzip' length 480919 bytes (469 KB)
==================================================
downloaded 469 KB

trying URL 'https://bioconductor.org/packages/3.17/bioc/src/contrib/GenomeInfoDb_1.36.1.tar.gz'
Content type 'application/x-gzip' length 3578274 bytes (3.4 MB)
==================================================
downloaded 3.4 MB

trying URL 'https://bioconductor.org/packages/3.17/bioc/src/contrib/S4Arrays_1.0.5.tar.gz'
Content type 'application/x-gzip' length 279242 bytes (272 KB)
==================================================
downloaded 272 KB

trying URL 'https://bioconductor.org/packages/3.17/bioc/src/contrib/DelayedArray_0.26.6.tar.gz'
Content type 'application/x-gzip' length 628356 bytes (613 KB)
==================================================
downloaded 613 KB

trying URL 'https://bioconductor.org/packages/3.17/bioc/src/contrib/SummarizedExperiment_1.30.2.tar.gz'
Content type 'application/x-gzip' length 684561 bytes (668 KB)
==================================================
downloaded 668 KB

ERROR: failed to lock directory ‘/usr/local/lib/R/library’ for modifying
Try removing ‘/usr/local/lib/R/library/00LOCK-BiocGenerics’
ERROR: dependency ‘BiocGenerics’ is not available for package ‘Biobase’
* removing ‘/usr/local/lib/R/library/Biobase’
ERROR: dependency ‘BiocGenerics’ is not available for package ‘S4Vectors’
* removing ‘/usr/local/lib/R/library/S4Vectors’
ERROR: dependencies ‘BiocGenerics’, ‘S4Vectors’ are not available for package ‘IRanges’
* removing ‘/usr/local/lib/R/library/IRanges’
ERROR: dependencies ‘BiocGenerics’, ‘S4Vectors’, ‘IRanges’ are not available for package ‘XVector’
* removing ‘/usr/local/lib/R/library/XVector’
ERROR: dependencies ‘BiocGenerics’, ‘S4Vectors’, ‘IRanges’ are not available for package ‘GenomeInfoDb’
* removing ‘/usr/local/lib/R/library/GenomeInfoDb’
ERROR: dependencies ‘BiocGenerics’, ‘S4Vectors’, ‘IRanges’ are not available for package ‘S4Arrays’
* removing ‘/usr/local/lib/R/library/S4Arrays’
ERROR: dependencies ‘BiocGenerics’, ‘S4Vectors’, ‘IRanges’, ‘GenomeInfoDb’, ‘XVector’ are not available for package ‘GenomicRanges’
* removing ‘/usr/local/lib/R/library/GenomicRanges’
ERROR: dependencies ‘BiocGenerics’, ‘S4Vectors’, ‘IRanges’, ‘S4Arrays’ are not available for package ‘DelayedArray’
* removing ‘/usr/local/lib/R/library/DelayedArray’
ERROR: dependencies ‘GenomicRanges’, ‘Biobase’, ‘BiocGenerics’, ‘S4Vectors’, ‘IRanges’, ‘GenomeInfoDb’, ‘S4Arrays’, ‘DelayedArray’ are not available for package ‘SummarizedExperiment’
* removing ‘/usr/local/lib/R/library/SummarizedExperiment’

The downloaded source packages are in
	‘/tmp/RtmpRDkTxB/downloaded_packages’
Updating HTML index of packages in '.Library'
Making 'packages.html' ... done
Warning messages:
1: In install.packages(...) :
  installation of package ‘BiocGenerics’ had non-zero exit status
2: In install.packages(...) :
  installation of package ‘Biobase’ had non-zero exit status
3: In install.packages(...) :
  installation of package ‘S4Vectors’ had non-zero exit status
4: In install.packages(...) :
  installation of package ‘IRanges’ had non-zero exit status
5: In install.packages(...) :
  installation of package ‘XVector’ had non-zero exit status
6: In install.packages(...) :
  installation of package ‘GenomeInfoDb’ had non-zero exit status
7: In install.packages(...) :
  installation of package ‘S4Arrays’ had non-zero exit status
8: In install.packages(...) :
  installation of package ‘GenomicRanges’ had non-zero exit status
9: In install.packages(...) :
  installation of package ‘DelayedArray’ had non-zero exit status
10: In install.packages(...) :
  installation of package ‘SummarizedExperiment’ had non-zero exit status
Bioconductor version 3.17 (BiocManager 1.30.21.1), R 4.3.1 (2023-06-16)
Installing package(s) 'genefilter'
also installing the dependencies ‘XVector’, ‘GenomeInfoDb’, ‘Biostrings’, ‘BiocGenerics’, ‘IRanges’, ‘S4Vectors’, ‘KEGGREST’, ‘AnnotationDbi’, ‘annotate’, ‘Biobase’

trying URL 'https://bioconductor.org/packages/3.17/bioc/src/contrib/XVector_0.40.0.tar.gz'
Content type 'application/x-gzip' length 67818 bytes (66 KB)
==================================================
downloaded 66 KB

trying URL 'https://bioconductor.org/packages/3.17/bioc/src/contrib/GenomeInfoDb_1.36.1.tar.gz'
Content type 'application/x-gzip' length 3578274 bytes (3.4 MB)
==================================================
downloaded 3.4 MB

trying URL 'https://bioconductor.org/packages/3.17/bioc/src/contrib/Biostrings_2.68.1.tar.gz'
Content type 'application/x-gzip' length 12446699 bytes (11.9 MB)
==================================================
downloaded 11.9 MB

trying URL 'https://bioconductor.org/packages/3.17/bioc/src/contrib/BiocGenerics_0.46.0.tar.gz'
Content type 'application/x-gzip' length 48250 bytes (47 KB)
==================================================
downloaded 47 KB

trying URL 'https://bioconductor.org/packages/3.17/bioc/src/contrib/IRanges_2.34.1.tar.gz'
Content type 'application/x-gzip' length 480919 bytes (469 KB)
==================================================
downloaded 469 KB

trying URL 'https://bioconductor.org/packages/3.17/bioc/src/contrib/S4Vectors_0.38.1.tar.gz'
Content type 'application/x-gzip' length 838821 bytes (819 KB)
==================================================
downloaded 819 KB

trying URL 'https://bioconductor.org/packages/3.17/bioc/src/contrib/KEGGREST_1.40.0.tar.gz'
Content type 'application/x-gzip' length 21823 bytes (21 KB)
==================================================
downloaded 21 KB

trying URL 'https://bioconductor.org/packages/3.17/bioc/src/contrib/AnnotationDbi_1.62.2.tar.gz'
Content type 'application/x-gzip' length 4359178 bytes (4.2 MB)
==================================================
downloaded 4.2 MB

trying URL 'https://bioconductor.org/packages/3.17/bioc/src/contrib/annotate_1.78.0.tar.gz'
Content type 'application/x-gzip' length 1496796 bytes (1.4 MB)
==================================================
downloaded 1.4 MB

trying URL 'https://bioconductor.org/packages/3.17/bioc/src/contrib/Biobase_2.60.0.tar.gz'
Content type 'application/x-gzip' length 1795905 bytes (1.7 MB)
==================================================
downloaded 1.7 MB

trying URL 'https://bioconductor.org/packages/3.17/bioc/src/contrib/genefilter_1.82.1.tar.gz'
Content type 'application/x-gzip' length 991861 bytes (968 KB)
==================================================
downloaded 968 KB

ERROR: failed to lock directory ‘/usr/local/lib/R/library’ for modifying
Try removing ‘/usr/local/lib/R/library/00LOCK-BiocGenerics’
ERROR: dependency ‘BiocGenerics’ is not available for package ‘S4Vectors’
* removing ‘/usr/local/lib/R/library/S4Vectors’
ERROR: dependency ‘BiocGenerics’ is not available for package ‘Biobase’
* removing ‘/usr/local/lib/R/library/Biobase’
ERROR: dependencies ‘BiocGenerics’, ‘S4Vectors’ are not available for package ‘IRanges’
* removing ‘/usr/local/lib/R/library/IRanges’
ERROR: dependencies ‘BiocGenerics’, ‘S4Vectors’, ‘IRanges’ are not available for package ‘XVector’
* removing ‘/usr/local/lib/R/library/XVector’
ERROR: dependencies ‘BiocGenerics’, ‘S4Vectors’, ‘IRanges’ are not available for package ‘GenomeInfoDb’
* removing ‘/usr/local/lib/R/library/GenomeInfoDb’
ERROR: dependencies ‘BiocGenerics’, ‘S4Vectors’, ‘IRanges’, ‘XVector’, ‘GenomeInfoDb’ are not available for package ‘Biostrings’
* removing ‘/usr/local/lib/R/library/Biostrings’
ERROR: dependency ‘Biostrings’ is not available for package ‘KEGGREST’
* removing ‘/usr/local/lib/R/library/KEGGREST’
ERROR: dependencies ‘BiocGenerics’, ‘Biobase’, ‘IRanges’, ‘S4Vectors’, ‘KEGGREST’ are not available for package ‘AnnotationDbi’
* removing ‘/usr/local/lib/R/library/AnnotationDbi’
ERROR: dependencies ‘AnnotationDbi’, ‘Biobase’, ‘BiocGenerics’ are not available for package ‘annotate’
* removing ‘/usr/local/lib/R/library/annotate’
ERROR: dependencies ‘AnnotationDbi’, ‘annotate’, ‘Biobase’ are not available for package ‘genefilter’
* removing ‘/usr/local/lib/R/library/genefilter’

The downloaded source packages are in
	‘/tmp/RtmpMHdpWX/downloaded_packages’
Updating HTML index of packages in '.Library'
Making 'packages.html' ... done
There were 11 warnings (use warnings() to see them)
Bioconductor version 3.17 (BiocManager 1.30.21.1), R 4.3.1 (2023-06-16)
Installing package(s) 'geneplotter'
also installing the dependencies ‘XVector’, ‘GenomeInfoDb’, ‘Biostrings’, ‘IRanges’, ‘S4Vectors’, ‘KEGGREST’, ‘Biobase’, ‘BiocGenerics’, ‘annotate’, ‘AnnotationDbi’

trying URL 'https://bioconductor.org/packages/3.17/bioc/src/contrib/XVector_0.40.0.tar.gz'
Content type 'application/x-gzip' length 67818 bytes (66 KB)
==================================================
downloaded 66 KB

trying URL 'https://bioconductor.org/packages/3.17/bioc/src/contrib/GenomeInfoDb_1.36.1.tar.gz'
Content type 'application/x-gzip' length 3578274 bytes (3.4 MB)
==================================================
downloaded 3.4 MB

trying URL 'https://bioconductor.org/packages/3.17/bioc/src/contrib/Biostrings_2.68.1.tar.gz'
Content type 'application/x-gzip' length 12446699 bytes (11.9 MB)
==================================================
downloaded 11.9 MB

trying URL 'https://bioconductor.org/packages/3.17/bioc/src/contrib/IRanges_2.34.1.tar.gz'
Content type 'application/x-gzip' length 480919 bytes (469 KB)
==================================================
downloaded 469 KB

trying URL 'https://bioconductor.org/packages/3.17/bioc/src/contrib/S4Vectors_0.38.1.tar.gz'
Content type 'application/x-gzip' length 838821 bytes (819 KB)
==================================================
downloaded 819 KB

trying URL 'https://bioconductor.org/packages/3.17/bioc/src/contrib/KEGGREST_1.40.0.tar.gz'
Content type 'application/x-gzip' length 21823 bytes (21 KB)
==================================================
downloaded 21 KB

trying URL 'https://bioconductor.org/packages/3.17/bioc/src/contrib/Biobase_2.60.0.tar.gz'
Content type 'application/x-gzip' length 1795905 bytes (1.7 MB)
==================================================
downloaded 1.7 MB

trying URL 'https://bioconductor.org/packages/3.17/bioc/src/contrib/BiocGenerics_0.46.0.tar.gz'
Content type 'application/x-gzip' length 48250 bytes (47 KB)
==================================================
downloaded 47 KB

trying URL 'https://bioconductor.org/packages/3.17/bioc/src/contrib/annotate_1.78.0.tar.gz'
Content type 'application/x-gzip' length 1496796 bytes (1.4 MB)
==================================================
downloaded 1.4 MB

trying URL 'https://bioconductor.org/packages/3.17/bioc/src/contrib/AnnotationDbi_1.62.2.tar.gz'
Content type 'application/x-gzip' length 4359178 bytes (4.2 MB)
==================================================
downloaded 4.2 MB

trying URL 'https://bioconductor.org/packages/3.17/bioc/src/contrib/geneplotter_1.78.0.tar.gz'
Content type 'application/x-gzip' length 1400582 bytes (1.3 MB)
==================================================
downloaded 1.3 MB

ERROR: failed to lock directory ‘/usr/local/lib/R/library’ for modifying
Try removing ‘/usr/local/lib/R/library/00LOCK-BiocGenerics’
ERROR: dependency ‘BiocGenerics’ is not available for package ‘S4Vectors’
* removing ‘/usr/local/lib/R/library/S4Vectors’
ERROR: dependency ‘BiocGenerics’ is not available for package ‘Biobase’
* removing ‘/usr/local/lib/R/library/Biobase’
ERROR: dependencies ‘BiocGenerics’, ‘S4Vectors’ are not available for package ‘IRanges’
* removing ‘/usr/local/lib/R/library/IRanges’
ERROR: dependencies ‘BiocGenerics’, ‘S4Vectors’, ‘IRanges’ are not available for package ‘XVector’
* removing ‘/usr/local/lib/R/library/XVector’
ERROR: dependencies ‘BiocGenerics’, ‘S4Vectors’, ‘IRanges’ are not available for package ‘GenomeInfoDb’
* removing ‘/usr/local/lib/R/library/GenomeInfoDb’
ERROR: dependencies ‘BiocGenerics’, ‘S4Vectors’, ‘IRanges’, ‘XVector’, ‘GenomeInfoDb’ are not available for package ‘Biostrings’
* removing ‘/usr/local/lib/R/library/Biostrings’
ERROR: dependency ‘Biostrings’ is not available for package ‘KEGGREST’
* removing ‘/usr/local/lib/R/library/KEGGREST’
ERROR: dependencies ‘BiocGenerics’, ‘Biobase’, ‘IRanges’, ‘S4Vectors’, ‘KEGGREST’ are not available for package ‘AnnotationDbi’
* removing ‘/usr/local/lib/R/library/AnnotationDbi’
ERROR: dependencies ‘AnnotationDbi’, ‘Biobase’, ‘BiocGenerics’ are not available for package ‘annotate’
* removing ‘/usr/local/lib/R/library/annotate’
ERROR: dependencies ‘Biobase’, ‘BiocGenerics’, ‘annotate’, ‘AnnotationDbi’ are not available for package ‘geneplotter’
* removing ‘/usr/local/lib/R/library/geneplotter’

The downloaded source packages are in
	‘/tmp/RtmpVR2x8N/downloaded_packages’
Updating HTML index of packages in '.Library'
Making 'packages.html' ... done
There were 11 warnings (use warnings() to see them)
Bioconductor version 3.17 (BiocManager 1.30.21.1), R 4.3.1 (2023-06-16)
Installing package(s) 'DESeq2'
also installing the dependencies ‘GenomeInfoDb’, ‘XVector’, ‘S4Arrays’, ‘DelayedArray’, ‘S4Vectors’, ‘IRanges’, ‘GenomicRanges’, ‘SummarizedExperiment’, ‘BiocGenerics’, ‘Biobase’

trying URL 'https://bioconductor.org/packages/3.17/bioc/src/contrib/GenomeInfoDb_1.36.1.tar.gz'
Content type 'application/x-gzip' length 3578274 bytes (3.4 MB)
==================================================
downloaded 3.4 MB

trying URL 'https://bioconductor.org/packages/3.17/bioc/src/contrib/XVector_0.40.0.tar.gz'
Content type 'application/x-gzip' length 67818 bytes (66 KB)
==================================================
downloaded 66 KB

trying URL 'https://bioconductor.org/packages/3.17/bioc/src/contrib/S4Arrays_1.0.5.tar.gz'
Content type 'application/x-gzip' length 279242 bytes (272 KB)
==================================================
downloaded 272 KB

trying URL 'https://bioconductor.org/packages/3.17/bioc/src/contrib/DelayedArray_0.26.6.tar.gz'
Content type 'application/x-gzip' length 628356 bytes (613 KB)
==================================================
downloaded 613 KB

trying URL 'https://bioconductor.org/packages/3.17/bioc/src/contrib/S4Vectors_0.38.1.tar.gz'
Content type 'application/x-gzip' length 838821 bytes (819 KB)
==================================================
downloaded 819 KB

trying URL 'https://bioconductor.org/packages/3.17/bioc/src/contrib/IRanges_2.34.1.tar.gz'
Content type 'application/x-gzip' length 480919 bytes (469 KB)
==================================================
downloaded 469 KB

trying URL 'https://bioconductor.org/packages/3.17/bioc/src/contrib/GenomicRanges_1.52.0.tar.gz'
Content type 'application/x-gzip' length 1139139 bytes (1.1 MB)
==================================================
downloaded 1.1 MB

trying URL 'https://bioconductor.org/packages/3.17/bioc/src/contrib/SummarizedExperiment_1.30.2.tar.gz'
Content type 'application/x-gzip' length 684561 bytes (668 KB)
==================================================
downloaded 668 KB

trying URL 'https://bioconductor.org/packages/3.17/bioc/src/contrib/BiocGenerics_0.46.0.tar.gz'
Content type 'application/x-gzip' length 48250 bytes (47 KB)
==================================================
downloaded 47 KB

trying URL 'https://bioconductor.org/packages/3.17/bioc/src/contrib/Biobase_2.60.0.tar.gz'
Content type 'application/x-gzip' length 1795905 bytes (1.7 MB)
==================================================
downloaded 1.7 MB

trying URL 'https://bioconductor.org/packages/3.17/bioc/src/contrib/DESeq2_1.40.2.tar.gz'
Content type 'application/x-gzip' length 2133292 bytes (2.0 MB)
==================================================
downloaded 2.0 MB

ERROR: failed to lock directory ‘/usr/local/lib/R/library’ for modifying
Try removing ‘/usr/local/lib/R/library/00LOCK-BiocGenerics’
ERROR: dependency ‘BiocGenerics’ is not available for package ‘S4Vectors’
* removing ‘/usr/local/lib/R/library/S4Vectors’
ERROR: dependency ‘BiocGenerics’ is not available for package ‘Biobase’
* removing ‘/usr/local/lib/R/library/Biobase’
ERROR: dependencies ‘BiocGenerics’, ‘S4Vectors’ are not available for package ‘IRanges’
* removing ‘/usr/local/lib/R/library/IRanges’
ERROR: dependencies ‘BiocGenerics’, ‘S4Vectors’, ‘IRanges’ are not available for package ‘GenomeInfoDb’
* removing ‘/usr/local/lib/R/library/GenomeInfoDb’
ERROR: dependencies ‘BiocGenerics’, ‘S4Vectors’, ‘IRanges’ are not available for package ‘XVector’
* removing ‘/usr/local/lib/R/library/XVector’
ERROR: dependencies ‘BiocGenerics’, ‘S4Vectors’, ‘IRanges’ are not available for package ‘S4Arrays’
* removing ‘/usr/local/lib/R/library/S4Arrays’
ERROR: dependencies ‘BiocGenerics’, ‘S4Vectors’, ‘IRanges’, ‘S4Arrays’ are not available for package ‘DelayedArray’
* removing ‘/usr/local/lib/R/library/DelayedArray’
ERROR: dependencies ‘BiocGenerics’, ‘S4Vectors’, ‘IRanges’, ‘GenomeInfoDb’, ‘XVector’ are not available for package ‘GenomicRanges’
* removing ‘/usr/local/lib/R/library/GenomicRanges’
ERROR: dependencies ‘GenomicRanges’, ‘Biobase’, ‘BiocGenerics’, ‘S4Vectors’, ‘IRanges’, ‘GenomeInfoDb’, ‘S4Arrays’, ‘DelayedArray’ are not available for package ‘SummarizedExperiment’
* removing ‘/usr/local/lib/R/library/SummarizedExperiment’
ERROR: dependencies ‘S4Vectors’, ‘IRanges’, ‘GenomicRanges’, ‘SummarizedExperiment’, ‘BiocGenerics’, ‘Biobase’ are not available for package ‘DESeq2’
* removing ‘/usr/local/lib/R/library/DESeq2’

The downloaded source packages are in
	‘/tmp/RtmpthB0AI/downloaded_packages’
Updating HTML index of packages in '.Library'
Making 'packages.html' ... done
There were 11 warnings (use warnings() to see them)
Bioconductor version 3.17 (BiocManager 1.30.21.1), R 4.3.1 (2023-06-16)
Warning message:
package(s) not installed when version(s) same as or greater than current; use
  `force = TRUE` to re-install: 'ctc' 
Bioconductor version 3.17 (BiocManager 1.30.21.1), R 4.3.1 (2023-06-16)
Installing package(s) 'Biobase'
also installing the dependency ‘BiocGenerics’

trying URL 'https://bioconductor.org/packages/3.17/bioc/src/contrib/BiocGenerics_0.46.0.tar.gz'
Content type 'application/x-gzip' length 48250 bytes (47 KB)
==================================================
downloaded 47 KB

trying URL 'https://bioconductor.org/packages/3.17/bioc/src/contrib/Biobase_2.60.0.tar.gz'
Content type 'application/x-gzip' length 1795905 bytes (1.7 MB)
==================================================
downloaded 1.7 MB

ERROR: failed to lock directory ‘/usr/local/lib/R/library’ for modifying
Try removing ‘/usr/local/lib/R/library/00LOCK-BiocGenerics’
ERROR: dependency ‘BiocGenerics’ is not available for package ‘Biobase’
* removing ‘/usr/local/lib/R/library/Biobase’

The downloaded source packages are in
	‘/tmp/RtmpjgK7Au/downloaded_packages’
Updating HTML index of packages in '.Library'
Making 'packages.html' ... done
Warning messages:
1: In install.packages(...) :
  installation of package ‘BiocGenerics’ had non-zero exit status
2: In install.packages(...) :
  installation of package ‘Biobase’ had non-zero exit status
Bioconductor version 3.17 (BiocManager 1.30.21.1), R 4.3.1 (2023-06-16)
Warning message:
package(s) not installed when version(s) same as or greater than current; use
  `force = TRUE` to re-install: 'gplots' 
Bioconductor version 3.17 (BiocManager 1.30.21.1), R 4.3.1 (2023-06-16)
Warning message:
package(s) not installed when version(s) same as or greater than current; use
  `force = TRUE` to re-install: 'ape' 
Bioconductor version 3.17 (BiocManager 1.30.21.1), R 4.3.1 (2023-06-16)
Warning message:
package(s) not installed when version(s) same as or greater than current; use
  `force = TRUE` to re-install: 'qvalue' 
Bioconductor version 3.17 (BiocManager 1.30.21.1), R 4.3.1 (2023-06-16)
Warning message:
package(s) not installed when version(s) same as or greater than current; use
  `force = TRUE` to re-install: 'fastcluster' 
Bioconductor version 3.17 (BiocManager 1.30.21.1), R 4.3.1 (2023-06-16)
Installing package(s) 'Biobase'
also installing the dependency ‘BiocGenerics’

trying URL 'https://bioconductor.org/packages/3.17/bioc/src/contrib/BiocGenerics_0.46.0.tar.gz'
Content type 'application/x-gzip' length 48250 bytes (47 KB)
==================================================
downloaded 47 KB

trying URL 'https://bioconductor.org/packages/3.17/bioc/src/contrib/Biobase_2.60.0.tar.gz'
Content type 'application/x-gzip' length 1795905 bytes (1.7 MB)
==================================================
downloaded 1.7 MB

ERROR: failed to lock directory ‘/usr/local/lib/R/library’ for modifying
Try removing ‘/usr/local/lib/R/library/00LOCK-BiocGenerics’
ERROR: dependency ‘BiocGenerics’ is not available for package ‘Biobase’
* removing ‘/usr/local/lib/R/library/Biobase’

The downloaded source packages are in
	‘/tmp/RtmpHFgPrK/downloaded_packages’
Updating HTML index of packages in '.Library'
Making 'packages.html' ... done
Warning messages:
1: In install.packages(...) :
  installation of package ‘BiocGenerics’ had non-zero exit status
2: In install.packages(...) :
  installation of package ‘Biobase’ had non-zero exit status
Bioconductor version 3.17 (BiocManager 1.30.21.1), R 4.3.1 (2023-06-16)
Warning message:
package(s) not installed when version(s) same as or greater than current; use
  `force = TRUE` to re-install: 'argparse' 
Bioconductor version 3.17 (BiocManager 1.30.21.1), R 4.3.1 (2023-06-16)
Warning message:
package(s) not installed when version(s) same as or greater than current; use
  `force = TRUE` to re-install: 'phytools' 
Bioconductor version 3.17 (BiocManager 1.30.21.1), R 4.3.1 (2023-06-16)
Warning message:
package(s) not installed when version(s) same as or greater than current; use
  `force = TRUE` to re-install: 'seqLogo' 
Bioconductor version 3.17 (BiocManager 1.30.21.1), R 4.3.1 (2023-06-16)
Warning message:
package(s) not installed when version(s) same as or greater than current; use
  `force = TRUE` to re-install: 'EBSeq' 
Bioconductor version 3.17 (BiocManager 1.30.21.1), R 4.3.1 (2023-06-16)
Warning message:
package(s) not installed when version(s) same as or greater than current; use
  `force = TRUE` to re-install: 'ggplot2' 
Bioconductor version 3.17 (BiocManager 1.30.21.1), R 4.3.1 (2023-06-16)
Warning message:
package(s) not installed when version(s) same as or greater than current; use
  `force = TRUE` to re-install: 'grid' 
Bioconductor version 3.17 (BiocManager 1.30.21.1), R 4.3.1 (2023-06-16)
Warning message:
package(s) not installed when version(s) same as or greater than current; use
  `force = TRUE` to re-install: 'dplyr' 
Bioconductor version 3.17 (BiocManager 1.30.21.1), R 4.3.1 (2023-06-16)
Warning message:
package(s) not installed when version(s) same as or greater than current; use
  `force = TRUE` to re-install: 'ggrepel' 
Bioconductor version 3.17 (BiocManager 1.30.21.1), R 4.3.1 (2023-06-16)
Warning message:
package(s) not installed when version(s) same as or greater than current; use
  `force = TRUE` to re-install: 'BiocManager' 
Bioconductor version 3.17 (BiocManager 1.30.21.1), R 4.3.1 (2023-06-16)
Warning message:
package(s) not installed when version(s) same as or greater than current; use
  `force = TRUE` to re-install: 'devtools' 
Bioconductor version 3.17 (BiocManager 1.30.21.1), R 4.3.1 (2023-06-16)
Warning message:
package(s) not installed when version(s) same as or greater than current; use
  `force = TRUE` to re-install: 'EnhancedVolcano' 
Bioconductor version 3.17 (BiocManager 1.30.21.1), R 4.3.1 (2023-06-16)
Warning message:
package(s) not installed when version(s) same as or greater than current; use
  `force = TRUE` to re-install: 'tidyverse' 
